<?xml version="1.0" encoding="UTF-8"?>
<!-- Generated by org.testng.reporters.JUnitReportReporter -->
<testsuite hostname="DESKTOP-7JLIG1H" failures="0" tests="1" name="kiteTestClass.KiteTestClass" time="7.522" errors="0" timestamp="2022-08-04T16:09:42 IST" skipped="0">
  <testcase classname="kiteTestClass.KiteTestClass" name="validateUserID" time="7.522"/>
  <system-out>
    <![CDATA[validate userId succsesfully]]>
  </system-out>
</testsuite> <!-- kiteTestClass.KiteTestClass -->
